Determining if the Q_WS_WIN exist failed with the following output:
Change Dir: /home/parallels/projector_tracker/release/CMakeFiles/CMakeTmp

Run Build Command:/usr/bin/make "cmTryCompileExec3769645305/fast"
/usr/bin/make -f CMakeFiles/cmTryCompileExec3769645305.dir/build.make CMakeFiles/cmTryCompileExec3769645305.dir/build
make[1]: Entering directory `/home/parallels/projector_tracker/release/CMakeFiles/CMakeTmp'
/usr/bin/cmake -E cmake_progress_report /home/parallels/projector_tracker/release/CMakeFiles/CMakeTmp/CMakeFiles 1
Building CXX object CMakeFiles/cmTryCompileExec3769645305.dir/CheckSymbolExists.cxx.o
/usr/bin/c++    -std=c++11 -pthread  -I/usr/include/qt4    -o CMakeFiles/cmTryCompileExec3769645305.dir/CheckSymbolExists.cxx.o -c /home/parallels/projector_tracker/release/CMakeFiles/CMakeTmp/CheckSymbolExists.cxx
/home/parallels/projector_tracker/release/CMakeFiles/CMakeTmp/CheckSymbolExists.cxx: In function ‘int main(int, char**)’:
/home/parallels/projector_tracker/release/CMakeFiles/CMakeTmp/CheckSymbolExists.cxx:8:19: error: ‘Q_WS_WIN’ was not declared in this scope
   return ((int*)(&Q_WS_WIN))[argc];
                   ^
make[1]: *** [CMakeFiles/cmTryCompileExec3769645305.dir/CheckSymbolExists.cxx.o] Error 1
make[1]: Leaving directory `/home/parallels/projector_tracker/release/CMakeFiles/CMakeTmp'
make: *** [cmTryCompileExec3769645305/fast] Error 2

File /home/parallels/projector_tracker/release/CMakeFiles/CMakeTmp/CheckSymbolExists.cxx:
/* */
#include <QtCore/qglobal.h>

int main(int argc, char** argv)
{
  (void)argv;
#ifndef Q_WS_WIN
  return ((int*)(&Q_WS_WIN))[argc];
#else
  (void)argc;
  return 0;
#endif
}

Determining if the Q_WS_QWS exist failed with the following output:
Change Dir: /home/parallels/projector_tracker/release/CMakeFiles/CMakeTmp

Run Build Command:/usr/bin/make "cmTryCompileExec2328861975/fast"
/usr/bin/make -f CMakeFiles/cmTryCompileExec2328861975.dir/build.make CMakeFiles/cmTryCompileExec2328861975.dir/build
make[1]: Entering directory `/home/parallels/projector_tracker/release/CMakeFiles/CMakeTmp'
/usr/bin/cmake -E cmake_progress_report /home/parallels/projector_tracker/release/CMakeFiles/CMakeTmp/CMakeFiles 1
Building CXX object CMakeFiles/cmTryCompileExec2328861975.dir/CheckSymbolExists.cxx.o
/usr/bin/c++    -std=c++11 -pthread  -I/usr/include/qt4    -o CMakeFiles/cmTryCompileExec2328861975.dir/CheckSymbolExists.cxx.o -c /home/parallels/projector_tracker/release/CMakeFiles/CMakeTmp/CheckSymbolExists.cxx
/home/parallels/projector_tracker/release/CMakeFiles/CMakeTmp/CheckSymbolExists.cxx: In function ‘int main(int, char**)’:
/home/parallels/projector_tracker/release/CMakeFiles/CMakeTmp/CheckSymbolExists.cxx:8:19: error: ‘Q_WS_QWS’ was not declared in this scope
   return ((int*)(&Q_WS_QWS))[argc];
                   ^
make[1]: Leaving directory `/home/parallels/projector_tracker/release/CMakeFiles/CMakeTmp'
make[1]: *** [CMakeFiles/cmTryCompileExec2328861975.dir/CheckSymbolExists.cxx.o] Error 1
make: *** [cmTryCompileExec2328861975/fast] Error 2

File /home/parallels/projector_tracker/release/CMakeFiles/CMakeTmp/CheckSymbolExists.cxx:
/* */
#include <QtCore/qglobal.h>

int main(int argc, char** argv)
{
  (void)argv;
#ifndef Q_WS_QWS
  return ((int*)(&Q_WS_QWS))[argc];
#else
  (void)argc;
  return 0;
#endif
}

Determining if the Q_WS_MAC exist failed with the following output:
Change Dir: /home/parallels/projector_tracker/release/CMakeFiles/CMakeTmp

Run Build Command:/usr/bin/make "cmTryCompileExec2963163082/fast"
/usr/bin/make -f CMakeFiles/cmTryCompileExec2963163082.dir/build.make CMakeFiles/cmTryCompileExec2963163082.dir/build
make[1]: Entering directory `/home/parallels/projector_tracker/release/CMakeFiles/CMakeTmp'
/usr/bin/cmake -E cmake_progress_report /home/parallels/projector_tracker/release/CMakeFiles/CMakeTmp/CMakeFiles 1
Building CXX object CMakeFiles/cmTryCompileExec2963163082.dir/CheckSymbolExists.cxx.o
/usr/bin/c++    -std=c++11 -pthread  -I/usr/include/qt4    -o CMakeFiles/cmTryCompileExec2963163082.dir/CheckSymbolExists.cxx.o -c /home/parallels/projector_tracker/release/CMakeFiles/CMakeTmp/CheckSymbolExists.cxx
/home/parallels/projector_tracker/release/CMakeFiles/CMakeTmp/CheckSymbolExists.cxx: In function ‘int main(int, char**)’:
/home/parallels/projector_tracker/release/CMakeFiles/CMakeTmp/CheckSymbolExists.cxx:8:19: error: ‘Q_WS_MAC’ was not declared in this scope
   return ((int*)(&Q_WS_MAC))[argc];
                   ^
make[1]: *** [CMakeFiles/cmTryCompileExec2963163082.dir/CheckSymbolExists.cxx.o] Error 1
make[1]: Leaving directory `/home/parallels/projector_tracker/release/CMakeFiles/CMakeTmp'
make: *** [cmTryCompileExec2963163082/fast] Error 2

File /home/parallels/projector_tracker/release/CMakeFiles/CMakeTmp/CheckSymbolExists.cxx:
/* */
#include <QtCore/qglobal.h>

int main(int argc, char** argv)
{
  (void)argv;
#ifndef Q_WS_MAC
  return ((int*)(&Q_WS_MAC))[argc];
#else
  (void)argc;
  return 0;
#endif
}

Determining if the Q_WS_WIN exist failed with the following output:
Change Dir: /home/justin/projector_tracker/release/CMakeFiles/CMakeTmp

Run Build Command:/usr/bin/make "cmTryCompileExec3350737986/fast"
/usr/bin/make -f CMakeFiles/cmTryCompileExec3350737986.dir/build.make CMakeFiles/cmTryCompileExec3350737986.dir/build
make[1]: Entering directory `/home/justin/projector_tracker/release/CMakeFiles/CMakeTmp'
/usr/bin/cmake -E cmake_progress_report /home/justin/projector_tracker/release/CMakeFiles/CMakeTmp/CMakeFiles 1
Building CXX object CMakeFiles/cmTryCompileExec3350737986.dir/CheckSymbolExists.cxx.o
/usr/bin/c++    -std=c++11 -pthread  -I/usr/include/qt4    -o CMakeFiles/cmTryCompileExec3350737986.dir/CheckSymbolExists.cxx.o -c /home/justin/projector_tracker/release/CMakeFiles/CMakeTmp/CheckSymbolExists.cxx
/home/justin/projector_tracker/release/CMakeFiles/CMakeTmp/CheckSymbolExists.cxx: In function ‘int main(int, char**)’:
/home/justin/projector_tracker/release/CMakeFiles/CMakeTmp/CheckSymbolExists.cxx:8:19: error: ‘Q_WS_WIN’ was not declared in this scope
   return ((int*)(&Q_WS_WIN))[argc];
                   ^
make[1]: Leaving directory `/home/justin/projector_tracker/release/CMakeFiles/CMakeTmp'
make[1]: *** [CMakeFiles/cmTryCompileExec3350737986.dir/CheckSymbolExists.cxx.o] Error 1
make: *** [cmTryCompileExec3350737986/fast] Error 2

File /home/justin/projector_tracker/release/CMakeFiles/CMakeTmp/CheckSymbolExists.cxx:
/* */
#include <QtCore/qglobal.h>

int main(int argc, char** argv)
{
  (void)argv;
#ifndef Q_WS_WIN
  return ((int*)(&Q_WS_WIN))[argc];
#else
  (void)argc;
  return 0;
#endif
}

Determining if the Q_WS_QWS exist failed with the following output:
Change Dir: /home/justin/projector_tracker/release/CMakeFiles/CMakeTmp

Run Build Command:/usr/bin/make "cmTryCompileExec2606530172/fast"
/usr/bin/make -f CMakeFiles/cmTryCompileExec2606530172.dir/build.make CMakeFiles/cmTryCompileExec2606530172.dir/build
make[1]: Entering directory `/home/justin/projector_tracker/release/CMakeFiles/CMakeTmp'
/usr/bin/cmake -E cmake_progress_report /home/justin/projector_tracker/release/CMakeFiles/CMakeTmp/CMakeFiles 1
Building CXX object CMakeFiles/cmTryCompileExec2606530172.dir/CheckSymbolExists.cxx.o
/usr/bin/c++    -std=c++11 -pthread  -I/usr/include/qt4    -o CMakeFiles/cmTryCompileExec2606530172.dir/CheckSymbolExists.cxx.o -c /home/justin/projector_tracker/release/CMakeFiles/CMakeTmp/CheckSymbolExists.cxx
/home/justin/projector_tracker/release/CMakeFiles/CMakeTmp/CheckSymbolExists.cxx: In function ‘int main(int, char**)’:
/home/justin/projector_tracker/release/CMakeFiles/CMakeTmp/CheckSymbolExists.cxx:8:19: error: ‘Q_WS_QWS’ was not declared in this scope
   return ((int*)(&Q_WS_QWS))[argc];
                   ^
make[1]: *** [CMakeFiles/cmTryCompileExec2606530172.dir/CheckSymbolExists.cxx.o] Error 1
make[1]: Leaving directory `/home/justin/projector_tracker/release/CMakeFiles/CMakeTmp'
make: *** [cmTryCompileExec2606530172/fast] Error 2

File /home/justin/projector_tracker/release/CMakeFiles/CMakeTmp/CheckSymbolExists.cxx:
/* */
#include <QtCore/qglobal.h>

int main(int argc, char** argv)
{
  (void)argv;
#ifndef Q_WS_QWS
  return ((int*)(&Q_WS_QWS))[argc];
#else
  (void)argc;
  return 0;
#endif
}

Determining if the Q_WS_MAC exist failed with the following output:
Change Dir: /home/justin/projector_tracker/release/CMakeFiles/CMakeTmp

Run Build Command:/usr/bin/make "cmTryCompileExec2918848316/fast"
/usr/bin/make -f CMakeFiles/cmTryCompileExec2918848316.dir/build.make CMakeFiles/cmTryCompileExec2918848316.dir/build
make[1]: Entering directory `/home/justin/projector_tracker/release/CMakeFiles/CMakeTmp'
/usr/bin/cmake -E cmake_progress_report /home/justin/projector_tracker/release/CMakeFiles/CMakeTmp/CMakeFiles 1
Building CXX object CMakeFiles/cmTryCompileExec2918848316.dir/CheckSymbolExists.cxx.o
/usr/bin/c++    -std=c++11 -pthread  -I/usr/include/qt4    -o CMakeFiles/cmTryCompileExec2918848316.dir/CheckSymbolExists.cxx.o -c /home/justin/projector_tracker/release/CMakeFiles/CMakeTmp/CheckSymbolExists.cxx
/home/justin/projector_tracker/release/CMakeFiles/CMakeTmp/CheckSymbolExists.cxx: In function ‘int main(int, char**)’:
/home/justin/projector_tracker/release/CMakeFiles/CMakeTmp/CheckSymbolExists.cxx:8:19: error: ‘Q_WS_MAC’ was not declared in this scope
   return ((int*)(&Q_WS_MAC))[argc];
                   ^
make[1]: *** [CMakeFiles/cmTryCompileExec2918848316.dir/CheckSymbolExists.cxx.o] Error 1
make[1]: Leaving directory `/home/justin/projector_tracker/release/CMakeFiles/CMakeTmp'
make: *** [cmTryCompileExec2918848316/fast] Error 2

File /home/justin/projector_tracker/release/CMakeFiles/CMakeTmp/CheckSymbolExists.cxx:
/* */
#include <QtCore/qglobal.h>

int main(int argc, char** argv)
{
  (void)argv;
#ifndef Q_WS_MAC
  return ((int*)(&Q_WS_MAC))[argc];
#else
  (void)argc;
  return 0;
#endif
}

